# JRE version: OpenJDK Runtime Environment OpenLogic-OpenJDK (11.0.19+7) (build 11.0.19+7-adhoc..jdk11u)
# Java VM: OpenJDK 64-Bit Server VM OpenLogic-OpenJDK (11.0.19+7-adhoc..jdk11u, mixed mode, tiered, compressed oops, g1 gc, windows-amd64)
Heap:
 garbage-first heap   total 258048K, used 81317K [0x0000000704000000, 0x0000000800000000)
  region size 1024K, 46 young (47104K), 13 survivors (13312K)
 Metaspace       used 51257K, capacity 52743K, committed 52856K, reserved 1095680K
  class space    used 6191K, capacity 6774K, committed 6784K, reserved 1048576K
GC Heap History (12 events):
Event: 1.719 GC heap before
{Heap before GC invocations=0 (full 0):
 garbage-first heap   total 258048K, used 25600K [0x0000000704000000, 0x0000000800000000)
  region size 1024K, 24 young (24576K), 0 survivors (0K)
 Metaspace       used 9391K, capacity 9522K, committed 9600K, reserved 1058816K
  class space    used 826K, capacity 873K, committed 896K, reserved 1048576K
}
Event: 1.726 GC heap after
{Heap after GC invocations=1 (full 0):
 garbage-first heap   total 258048K, used 15709K [0x0000000704000000, 0x0000000800000000)
  region size 1024K, 3 young (3072K), 3 survivors (3072K)
 Metaspace       used 9391K, capacity 9522K, committed 9600K, reserved 1058816K
  class space    used 826K, capacity 873K, committed 896K, reserved 1048576K
}
Event: 2.612 GC heap before
{Heap before GC invocations=1 (full 0):
 garbage-first heap   total 258048K, used 25949K [0x0000000704000000, 0x0000000800000000)
  region size 1024K, 13 young (13312K), 3 survivors (3072K)
 Metaspace       used 10972K, capacity 11125K, committed 11392K, reserved 1058816K
  class space    used 1012K, capacity 1070K, committed 1152K, reserved 1048576K
}
Event: 2.615 GC heap after
{Heap after GC invocations=2 (full 0):
 garbage-first heap   total 258048K, used 15702K [0x0000000704000000, 0x0000000800000000)
  region size 1024K, 1 young (1024K), 1 survivors (1024K)
 Metaspace       used 10972K, capacity 11125K, committed 11392K, reserved 1058816K
  class space    used 1012K, capacity 1070K, committed 1152K, reserved 1048576K
}
Event: 3.132 GC heap before
{Heap before GC invocations=2 (full 0):
 garbage-first heap   total 258048K, used 50518K [0x0000000704000000, 0x0000000800000000)
  region size 1024K, 35 young (35840K), 1 survivors (1024K)
 Metaspace       used 14644K, capacity 14871K, committed 15104K, reserved 1062912K
  class space    used 1611K, capacity 1694K, committed 1792K, reserved 1048576K
}
Event: 3.134 GC heap after
{Heap after GC invocations=3 (full 0):
 garbage-first heap   total 258048K, used 16817K [0x0000000704000000, 0x0000000800000000)
  region size 1024K, 2 young (2048K), 2 survivors (2048K)
 Metaspace       used 14644K, capacity 14871K, committed 15104K, reserved 1062912K
  class space    used 1611K, capacity 1694K, committed 1792K, reserved 1048576K
}
Event: 3.918 GC heap before
{Heap before GC invocations=3 (full 0):
 garbage-first heap   total 258048K, used 83377K [0x0000000704000000, 0x0000000800000000)
  region size 1024K, 68 young (69632K), 2 survivors (2048K)
 Metaspace       used 20435K, capacity 21015K, committed 21248K, reserved 1069056K
  class space    used 2350K, capacity 2559K, committed 2560K, reserved 1048576K
}
Event: 3.922 GC heap after
{Heap after GC invocations=4 (full 0):
 garbage-first heap   total 258048K, used 17971K [0x0000000704000000, 0x0000000800000000)
  region size 1024K, 3 young (3072K), 3 survivors (3072K)
 Metaspace       used 20435K, capacity 21015K, committed 21248K, reserved 1069056K
  class space    used 2350K, capacity 2559K, committed 2560K, reserved 1048576K
}
Event: 9.407 GC heap before
{Heap before GC invocations=5 (full 0):
 garbage-first heap   total 258048K, used 139827K [0x0000000704000000, 0x0000000800000000)
  region size 1024K, 123 young (125952K), 3 survivors (3072K)
 Metaspace       used 34360K, capacity 35418K, committed 35584K, reserved 1081344K
  class space    used 4172K, capacity 4580K, committed 4608K, reserved 1048576K
}
Event: 9.418 GC heap after
{Heap after GC invocations=6 (full 0):
 garbage-first heap   total 258048K, used 22929K [0x0000000704000000, 0x0000000800000000)
  region size 1024K, 8 young (8192K), 8 survivors (8192K)
 Metaspace       used 34360K, capacity 35418K, committed 35584K, reserved 1081344K
  class space    used 4172K, capacity 4580K, committed 4608K, reserved 1048576K
}
Event: 29.453 GC heap before
{Heap before GC invocations=7 (full 0):
 garbage-first heap   total 258048K, used 186769K [0x0000000704000000, 0x0000000800000000)
  region size 1024K, 147 young (150528K), 8 survivors (8192K)
 Metaspace       used 49167K, capacity 50580K, committed 50808K, reserved 1093632K
  class space    used 5901K, capacity 6441K, committed 6528K, reserved 1048576K
}
Event: 29.549 GC heap after
{Heap after GC invocations=8 (full 0):
 garbage-first heap   total 258048K, used 48549K [0x0000000704000000, 0x0000000800000000)
  region size 1024K, 13 young (13312K), 13 survivors (13312K)
 Metaspace       used 49167K, capacity 50580K, committed 50808K, reserved 1093632K
  class space    used 5901K, capacity 6441K, committed 6528K, reserved 1048576K
}

